<?xml version="1.0" encoding="UTF-8"?>
<!-- Generated by org.testng.reporters.JUnitXMLReporter -->
<testsuite ignored="0" hostname="SYNLPT67" failures="1" tests="4" name="Surefire test" time="12.793" errors="0" timestamp="2022-08-04T11:34:57 IST">
  <testcase classname="io.cucumber.testng.AbstractTestNGCucumberTests" name="runScenario" time="10.479"/>
  <testcase classname="io.cucumber.testng.AbstractTestNGCucumberTests" name="runScenario" time="10.662"/>
  <testcase classname="io.cucumber.testng.AbstractTestNGCucumberTests" name="runScenario" time="11.874"/>
  <testcase classname="io.cucumber.testng.AbstractTestNGCucumberTests" name="runScenario" time="11.922">
    <failure type="java.lang.AssertionError" message="expected [No data] but found [Beetroot]">
      <![CDATA[java.lang.AssertionError: expected [No data] but found [Beetroot]
at stepDefinitions.GreenKartOfferPageStepDefinition.validate_product_name_in_offerpage_matches_with_landing_page(GreenKartOfferPageStepDefinition.java:59)
at âœ½.Validate product name in offerpage matches with landing page(file:///C:/Users/kishoris/eclipse-workspace/CucumberFramework/src/test/java/features/searchProduct.feature:11)
... Removed 6 stack frames]]>
    </failure>
  </testcase> <!-- runScenario -->
</testsuite> <!-- Surefire test -->
