-------------------------------------------------------------------------------
Test set: TestSuite
-------------------------------------------------------------------------------
Tests run: 4, Failures: 1, Errors: 0, Skipped: 0, Time elapsed: 13.172 s <<< FAILURE! - in TestSuite
cucumberOptions.TestNGTestRunner.runScenario["Search Experience for product search in both home and offers page", "Search and place the order for products"](4)  Time elapsed: 11.922 s  <<< FAILURE!
java.lang.AssertionError: expected [No data] but found [Beetroot]

