<?xml version="1.0" encoding="UTF-8"?>
<!-- Generated by org.testng.reporters.JUnitReportReporter -->
<testsuite hostname="SYNLPT67" failures="3" tests="3" name="cucumberOptions.FailedTestNGTestRunner" time="41.455" errors="0" timestamp="2022-08-23T16:57:13 IST" skipped="0">
  <testcase classname="cucumberOptions.FailedTestNGTestRunner" name="runScenario" time="13.961">
    <failure message="expected [No data] but found [Beetroot]" type="java.lang.AssertionError">
      <![CDATA[java.lang.AssertionError: expected [No data] but found [Beetroot]
at org.testng.Assert.fail(Assert.java:110)
at org.testng.Assert.failNotEquals(Assert.java:1413)
at org.testng.Assert.assertEqualsImpl(Assert.java:149)
at org.testng.Assert.assertEquals(Assert.java:131)
at org.testng.Assert.assertEquals(Assert.java:655)
at org.testng.Assert.assertEquals(Assert.java:665)
at stepDefinitions.GreenKartOfferPageStepDefinition.validate_product_name_in_offerpage_matches_with_landing_page(GreenKartOfferPageStepDefinition.java:59)
at ✽.Validate product name in offerpage matches with landing page(file:///C:/Users/kishoris/eclipse-workspace/CucumberFramework/src/test/java/features/searchProduct.feature:11)
]]>
    </failure>
  </testcase> <!-- runScenario -->
  <system-out/>
  <testcase classname="cucumberOptions.FailedTestNGTestRunner" name="runScenario" time="13.791">
    <failure message="expected [true] but found [false]" type="java.lang.AssertionError">
      <![CDATA[java.lang.AssertionError: expected [true] but found [false]
at org.testng.Assert.fail(Assert.java:110)
at org.testng.Assert.failNotEquals(Assert.java:1413)
at org.testng.Assert.assertTrue(Assert.java:56)
at org.testng.Assert.assertTrue(Assert.java:66)
at stepDefinitions.GreenKartCheckOutPageStepDefinition.verify_the_user_is_redirected_on_greenkart_landing_page_after_place_the_order(GreenKartCheckOutPageStepDefinition.java:77)
at ✽.Verify the user is redirected on GREENKART landing page after place the order(file:///C:/Users/kishoris/eclipse-workspace/CucumberFramework/src/test/java/features/checkout.feature:13)
]]>
    </failure>
  </testcase> <!-- runScenario -->
  <system-out/>
  <testcase classname="cucumberOptions.FailedTestNGTestRunner" name="runScenario" time="13.703">
    <failure message="expected [true] but found [false]" type="java.lang.AssertionError">
      <![CDATA[java.lang.AssertionError: expected [true] but found [false]
at org.testng.Assert.fail(Assert.java:110)
at org.testng.Assert.failNotEquals(Assert.java:1413)
at org.testng.Assert.assertTrue(Assert.java:56)
at org.testng.Assert.assertTrue(Assert.java:66)
at stepDefinitions.GreenKartCheckOutPageStepDefinition.verify_the_user_is_redirected_on_greenkart_landing_page_after_place_the_order(GreenKartCheckOutPageStepDefinition.java:77)
at ✽.Verify the user is redirected on GREENKART landing page after place the order(file:///C:/Users/kishoris/eclipse-workspace/CucumberFramework/src/test/java/features/checkout.feature:13)
]]>
    </failure>
  </testcase> <!-- runScenario -->
  <system-out/>
</testsuite> <!-- cucumberOptions.FailedTestNGTestRunner -->
